<?xml version="1.0" encoding="UTF-8"?>
<!-- Generated by org.testng.reporters.JUnitReportReporter -->
<testsuite hostname="GOPI" name="MyGitLabScreenCapture" tests="1" failures="0" timestamp="18 Aug 2018 10:11:05 GMT" time="50.492" errors="0">
  <testcase name="myTestScreenGit" time="50.492" classname="MyGitLabScreenCapture"/>
</testsuite>
